<?xml version="1.0" encoding="UTF-8"?>
<!-- Generated by org.testng.reporters.JUnitReportReporter -->
<testsuite hostname="Raj-PC" name="com.nopcommerce.testCases.TC_LoginTest_001" tests="1" failures="0" timestamp="11 Jun 2021 11:05:20 GMT" time="29.141" errors="0">
  <testcase name="loginTest" time="29.141" classname="com.nopcommerce.testCases.TC_LoginTest_001"/>
</testsuite> <!-- com.nopcommerce.testCases.TC_LoginTest_001 -->
