<?xml version="1.0" encoding="UTF-8"?>
<!-- Generated by org.testng.reporters.JUnitReportReporter -->
<testsuite skipped="0" hostname="Raj-PC" name="com.nopcommerce.testCases.TC_LoginTest_001" tests="1" failures="0" timestamp="11 Jun 2021 07:45:19 GMT" time="20.386" errors="0">
  <testcase name="loginTest" time="20.386" classname="com.nopcommerce.testCases.TC_LoginTest_001"/>
</testsuite> <!-- com.nopcommerce.testCases.TC_LoginTest_001 -->
